1575916595.216213 client started (10859): version 2.6, socket /tmp/tmux-1002/default, protocol 8
1575916595.216328 on Linux 4.15.0-72-generic #81-Ubuntu SMP Tue Nov 26 12:20:02 UTC 2019; libevent 2.1.8-stable (poll)
1575916595.216416 socket is /tmp/tmux-1002/default
1575916595.216453 trying connect
1575916595.216694 add peer 0x558228e77460: 6 ((nil))
1575916595.218106 sending message 100 to peer 0x558228e77460 (4 bytes)
1575916595.218212 sending message 101 to peer 0x558228e77460 (16 bytes)
1575916595.218250 sending message 102 to peer 0x558228e77460 (11 bytes)
1575916595.218277 sending message 108 to peer 0x558228e77460 (36 bytes)
1575916595.218314 sending message 104 to peer 0x558228e77460 (0 bytes)
1575916595.218352 sending message 107 to peer 0x558228e77460 (4 bytes)
1575916595.218382 sending message 105 to peer 0x558228e77460 (20 bytes)
1575916595.218412 sending message 105 to peer 0x558228e77460 (13 bytes)
1575916595.218437 sending message 105 to peer 0x558228e77460 (18 bytes)
1575916595.218465 sending message 105 to peer 0x558228e77460 (17 bytes)
1575916595.218492 sending message 105 to peer 0x558228e77460 (23 bytes)
1575916595.218518 sending message 105 to peer 0x558228e77460 (30 bytes)
1575916595.218547 sending message 105 to peer 0x558228e77460 (27 bytes)
1575916595.218597 sending message 105 to peer 0x558228e77460 (24 bytes)
1575916595.218623 sending message 105 to peer 0x558228e77460 (20 bytes)
1575916595.218653 sending message 105 to peer 0x558228e77460 (23 bytes)
1575916595.218679 sending message 105 to peer 0x558228e77460 (21 bytes)
1575916595.218708 sending message 105 to peer 0x558228e77460 (25 bytes)
1575916595.218735 sending message 105 to peer 0x558228e77460 (20 bytes)
1575916595.218762 sending message 105 to peer 0x558228e77460 (15 bytes)
1575916595.218794 sending message 105 to peer 0x558228e77460 (1516 bytes)
1575916595.218870 sending message 105 to peer 0x558228e77460 (22 bytes)
1575916595.218901 sending message 105 to peer 0x558228e77460 (37 bytes)
1575916595.218934 sending message 105 to peer 0x558228e77460 (104 bytes)
1575916595.218964 sending message 105 to peer 0x558228e77460 (40 bytes)
1575916595.218995 sending message 105 to peer 0x558228e77460 (19 bytes)
1575916595.219026 sending message 105 to peer 0x558228e77460 (8 bytes)
1575916595.219056 sending message 105 to peer 0x558228e77460 (26 bytes)
1575916595.219084 sending message 105 to peer 0x558228e77460 (14 bytes)
1575916595.219116 sending message 105 to peer 0x558228e77460 (14 bytes)
1575916595.219145 sending message 105 to peer 0x558228e77460 (15 bytes)
1575916595.219172 sending message 105 to peer 0x558228e77460 (21 bytes)
1575916595.219203 sending message 105 to peer 0x558228e77460 (34 bytes)
1575916595.219231 sending message 105 to peer 0x558228e77460 (13 bytes)
1575916595.219261 sending message 105 to peer 0x558228e77460 (12 bytes)
1575916595.219290 sending message 105 to peer 0x558228e77460 (16 bytes)
1575916595.219319 sending message 105 to peer 0x558228e77460 (34 bytes)
1575916595.219349 sending message 105 to peer 0x558228e77460 (16 bytes)
1575916595.219382 sending message 105 to peer 0x558228e77460 (11 bytes)
1575916595.219412 sending message 105 to peer 0x558228e77460 (32 bytes)
1575916595.219441 sending message 105 to peer 0x558228e77460 (16 bytes)
1575916595.219472 sending message 106 to peer 0x558228e77460 (0 bytes)
1575916595.219508 sending message 200 to peer 0x558228e77460 (4 bytes)
1575916595.219532 client loop enter
1575916595.221297 peer 0x558228e77460 message 211
1575916595.221392 peer 0x558228e77460 message 203
1575916595.221422 client loop exit
